<?xml version="1.0" encoding="UTF-8"?>
<!-- Generated by org.testng.reporters.JUnitXMLReporter -->
<testsuite hostname="A2M0014" ignored="0" name="Chrome Test" tests="2" failures="1" timestamp="21 Apr 2019 11:27:56 GMT" time="37.866" errors="0">
  <testcase name="verifyLoginToGuru99" time="11.159" classname="com.edureka.day7.guru99ProjectUsingTestng"/>
  <testcase name="verifyTitleofthePage" time="0.011" classname="com.edureka.day7.guru99ProjectUsingTestng">
    <failure type="java.lang.AssertionError" message="expected [Guru99 Bank Home Page] but found [Guru99 Bank Manager HomePage]">
      <![CDATA[java.lang.AssertionError: expected [Guru99 Bank Home Page] but found [Guru99 Bank Manager HomePage]
at com.edureka.day7.guru99ProjectUsingTestng.verifyTitleofthePage(guru99ProjectUsingTestng.java:53)
... Removed 31 stack frames]]>
    </failure>
  </testcase> <!-- verifyTitleofthePage -->
</testsuite> <!-- Chrome Test -->
